{"meta": {"format": 3, "version": "7.10.7", "timestamp": "2025-10-06T13:08:02.191262", "branch_coverage": false, "show_contexts": false}, "files": {"MdModel.py": {"executed_lines": [1, 2, 3, 4, 5, 6, 7, 10, 11, 12, 14, 15, 16, 17, 19, 21, 23, 24, 25, 26, 27, 28, 30, 32, 35, 36, 37, 38, 39, 40, 41, 42, 43, 44, 45, 46, 47, 48, 49, 51, 52, 54, 55, 56, 57, 59, 61, 62, 63, 64, 65, 67, 68, 70, 71, 72, 74, 75, 77, 78, 79, 80, 81, 83, 84, 85, 87, 88, 89, 91, 92, 94, 95, 96, 98, 99, 100, 102, 103, 105, 106, 107, 108, 109, 111, 112, 113, 115, 117, 118, 121, 122, 123, 125, 126, 127, 128, 129, 130, 131, 132, 133, 135, 136, 137, 138, 140, 142, 144, 145, 146, 148, 149, 151, 152, 154, 155, 156, 158, 159, 160, 162, 163, 164, 166, 167, 168, 170, 172, 173, 175, 176, 178, 179, 180, 182, 184, 186, 187, 188, 190, 191, 192, 194, 195, 197, 198, 200, 201, 202, 203, 204, 205, 206, 207, 208, 210, 211, 212, 213, 214, 216, 218, 221, 222, 223, 224, 225, 226, 227, 228, 229, 230, 231, 232, 233, 235, 236, 238, 239, 240, 241, 242, 243, 244, 245, 247, 249, 250, 251, 252, 254, 255, 257, 258, 260, 269, 270, 272, 274, 277, 280, 281, 283, 284, 286, 290, 296, 310, 316, 317, 319, 320, 322, 323, 325, 326, 328, 350, 352, 353, 354, 355, 356, 357, 359, 360, 361, 363, 364, 366, 367, 368, 369, 370, 373, 374, 375, 376, 377, 379, 380, 381, 382, 386, 388, 390, 391, 392, 394, 396, 397, 398, 399, 400, 401, 402, 404, 405, 407, 408, 409, 410, 412, 413, 414, 415, 416, 417, 419, 420, 422, 426, 427, 429, 430, 431, 432, 433, 434, 436, 438, 439, 440, 441, 442, 443, 444, 445, 447, 448, 449, 450, 451, 452, 453, 454, 455, 456, 457, 459, 460, 462, 468, 469, 473, 479, 480, 481, 482, 488, 490, 491, 496, 497, 499, 500, 501, 502, 503, 504, 505, 506, 508, 509, 510, 511, 512, 513, 514, 515, 516, 517, 518, 521, 522, 523, 524, 525, 526, 527, 529, 531, 534, 535, 536, 537, 538, 539, 540, 541, 542, 543, 544, 545, 547, 561, 591, 592, 596, 597, 599, 635, 652, 734, 735, 736, 737, 738, 739, 740, 741, 742, 743, 744, 746, 747, 749, 762, 771, 772, 776, 796, 814, 815, 816, 817, 818, 819, 820, 823, 824, 825, 826, 827, 834, 835, 836, 837, 839, 840, 841, 842, 843, 844, 845, 846, 847, 848, 849, 850, 853, 854, 855, 856, 857, 858, 859, 860, 862, 863, 868, 869, 871, 872, 873, 874, 875, 876, 877, 878, 880, 881, 882, 883, 884, 885, 886, 887, 888, 889, 890, 893, 894, 895, 896, 897, 898, 899, 901, 905, 906, 907, 908, 909, 910, 912, 914, 915, 916, 917, 918, 919, 920, 921, 923, 924, 925, 926, 927, 928, 929, 930, 931, 932, 933, 935, 936, 938, 944, 945, 947, 949, 950, 952, 953, 955, 956, 957, 958, 959, 960, 961, 962, 965, 966, 968, 970, 972, 973, 975, 976, 977, 978, 980, 981, 982, 985, 986, 988, 990, 992, 993, 994, 996, 998, 999, 1001, 1004, 1007, 1008, 1010, 1013, 1014, 1016, 1017, 1018, 1020, 1021, 1022, 1023, 1024, 1025, 1026, 1027, 1028, 1029, 1030, 1031, 1032, 1033, 1034, 1035, 1036, 1037, 1038, 1041, 1042, 1043, 1044, 1045, 1046, 1047, 1048, 1050, 1056, 1066, 1067, 1068, 1069, 1070, 1071, 1072, 1073, 1074, 1076, 1081, 1083, 1084, 1086, 1090, 1091, 1093, 1094, 1095, 1097, 1099, 1142, 1145, 1148, 1149, 1153, 1154, 1155, 1156, 1157, 1158, 1159, 1160, 1161, 1162, 1173, 1175, 1179, 1180, 1182, 1184, 1185, 1189, 1190, 1192, 1194, 1197, 1198, 1202, 1203, 1208, 1209, 1210, 1211, 1212, 1213, 1214, 1215, 1216, 1217, 1220, 1222, 1223, 1224, 1226, 1229, 1230, 1231, 1232, 1233, 1234, 1235, 1236, 1237, 1238, 1239, 1240, 1241, 1245, 1246, 1247, 1248, 1249, 1253, 1254, 1255, 1258, 1261, 1262, 1263, 1264, 1268, 1269, 1270, 1271, 1272, 1275, 1277, 1279, 1283, 1284, 1285, 1287, 1288, 1291, 1293, 1295, 1297, 1298, 1299, 1300, 1301, 1302, 1303, 1304, 1306, 1309, 1310, 1311, 1312, 1313, 1314, 1315, 1316, 1317, 1318, 1319, 1320, 1321, 1322, 1325, 1327, 1328, 1329, 1330, 1332, 1333, 1334, 1335, 1336, 1338, 1341, 1342, 1344, 1345, 1347, 1348, 1349, 1352, 1353, 1356, 1357, 1358, 1359, 1360, 1362, 1364, 1365, 1367, 1368, 1369, 1370, 1371, 1373, 1374, 1375, 1376, 1377, 1379, 1380, 1382, 1383, 1384, 1385, 1386, 1389, 1390, 1391, 1393, 1394, 1395, 1397, 1403, 1404, 1405, 1408, 1409, 1410, 1439, 1441, 1443, 1445, 1449, 1450, 1451, 1452, 1454, 1456, 1458, 1459, 1461, 1462, 1464, 1465, 1466, 1467, 1468, 1469, 1471, 1472, 1473, 1475, 1476, 1477, 1478, 1479, 1480, 1481, 1484, 1485, 1486, 1487, 1488, 1489, 1490, 1491, 1492, 1493, 1495, 1496, 1498, 1499, 1500, 1502, 1503, 1504, 1505, 1506, 1507, 1508, 1509, 1511, 1512, 1513, 1514, 1515, 1516, 1518, 1519, 1520, 1523, 1524, 1525, 1526, 1528, 1539, 1540, 1542, 1545, 1547, 1549, 1550, 1551, 1552, 1553, 1554, 1557, 1559, 1560, 1561, 1562, 1563, 1564, 1565, 1567, 1575, 1579, 1582, 1583, 1584, 1585, 1586, 1587, 1588, 1589, 1592, 1593, 1594, 1596, 1597, 1598, 1599, 1601, 1602, 1603, 1604, 1607, 1608, 1609, 1612, 1613, 1615, 1616, 1617, 1619, 1621, 1624, 1629, 1630, 1633, 1635, 1636, 1640, 1641, 1642, 1643, 1644, 1646, 1647, 1651, 1652, 1653, 1654, 1655, 1660, 1662, 1663, 1664, 1665, 1666, 1667, 1669, 1675, 1676, 1677, 1678, 1679, 1685, 1688, 1690, 1692, 1693, 1694, 1696, 1719, 1720, 1722, 1723, 1724, 1725, 1726, 1727, 1728, 1729, 1730, 1731, 1736, 1737, 1738, 1739, 1740, 1742, 1743, 1744, 1745, 1746, 1747, 1748, 1750, 1912, 1991, 2000, 2001, 2002, 2003, 2004, 2005, 2006, 2007, 2008, 2009, 2010, 2013, 2014, 2015, 2016, 2018, 2019, 2020, 2021, 2022, 2024, 2025, 2026, 2027, 2028, 2030, 2031, 2032, 2036, 2037, 2039, 2040, 2043], "summary": {"covered_lines": 960, "num_statements": 1384, "percent_covered": 69.36416184971098, "percent_covered_display": "69", "missing_lines": 424, "excluded_lines": 0}, "missing_lines": [291, 292, 293, 294, 298, 299, 300, 303, 304, 305, 306, 308, 311, 312, 313, 314, 329, 330, 331, 332, 334, 335, 337, 338, 339, 340, 342, 343, 344, 346, 347, 348, 383, 428, 470, 471, 472, 474, 475, 476, 477, 483, 484, 485, 486, 548, 549, 550, 551, 552, 553, 554, 555, 556, 557, 558, 559, 563, 564, 565, 568, 569, 570, 571, 572, 573, 574, 577, 578, 579, 580, 581, 582, 584, 585, 586, 587, 589, 600, 602, 603, 604, 605, 607, 608, 610, 612, 613, 615, 617, 618, 620, 621, 622, 623, 624, 625, 627, 628, 629, 630, 631, 632, 633, 636, 637, 638, 639, 640, 641, 642, 643, 644, 645, 646, 647, 648, 649, 650, 653, 654, 656, 657, 659, 661, 662, 663, 664, 665, 666, 667, 668, 670, 671, 673, 674, 675, 676, 677, 679, 680, 681, 683, 684, 685, 686, 687, 688, 689, 690, 692, 693, 696, 697, 698, 700, 701, 702, 704, 705, 706, 707, 708, 709, 711, 712, 713, 714, 715, 716, 719, 720, 723, 724, 725, 726, 727, 729, 730, 731, 750, 751, 752, 753, 754, 755, 756, 757, 758, 759, 760, 763, 764, 765, 766, 767, 768, 769, 777, 779, 780, 781, 782, 783, 784, 786, 787, 789, 790, 791, 792, 793, 794, 797, 798, 799, 800, 801, 802, 803, 804, 805, 806, 807, 808, 809, 810, 811, 1051, 1053, 1054, 1057, 1059, 1102, 1103, 1105, 1106, 1113, 1114, 1115, 1118, 1125, 1126, 1127, 1128, 1129, 1137, 1139, 1278, 1294, 1305, 1350, 1413, 1414, 1416, 1417, 1420, 1421, 1422, 1423, 1425, 1426, 1427, 1428, 1430, 1431, 1432, 1433, 1436, 1437, 1453, 1555, 1576, 1577, 1625, 1626, 1689, 1697, 1698, 1699, 1701, 1702, 1703, 1704, 1706, 1707, 1708, 1710, 1711, 1712, 1713, 1714, 1715, 1716, 1717, 1732, 1733, 1734, 1735, 1751, 1752, 1753, 1755, 1756, 1758, 1765, 1766, 1767, 1768, 1769, 1770, 1771, 1776, 1781, 1782, 1783, 1786, 1787, 1788, 1790, 1796, 1801, 1802, 1803, 1804, 1805, 1806, 1808, 1815, 1834, 1846, 1850, 1851, 1853, 1855, 1856, 1857, 1858, 1859, 1861, 1864, 1865, 1867, 1868, 1870, 1878, 1879, 1880, 1881, 1882, 1884, 1885, 1886, 1887, 1888, 1890, 1898, 1899, 1900, 1901, 1902, 1903, 1913, 1919, 1920, 1921, 1922, 1923, 1924, 1925, 1926, 1931, 1932, 1933, 1934, 1935, 1936, 1941, 1942, 1943, 1944, 1945, 1950, 1951, 1952, 1953, 1954, 1959, 1960, 1968, 1969, 1970, 1971, 1978, 1979, 1980, 1981, 1988, 1989, 1992, 1993, 1994, 1995, 1996, 1997, 2045, 2047, 2048, 2049, 2050, 2051, 2054, 2055, 2056, 2057, 2059, 2061, 2062, 2063, 2064, 2065, 2067, 2068, 2070], "excluded_lines": [], "functions": {"MdDataset.get_grouping_variable_index_list": {"executed_lines": [55, 56, 57, 59, 61, 62, 63, 64, 65, 67, 68, 70, 71, 72], "summary": {"covered_lines": 14, "num_statements": 14, "percent_covered": 100.0, "percent_covered_display": "100", "missing_lines": 0, "excluded_lines": 0}, "missing_lines": [], "excluded_lines": []}, "MdDataset.get_variablename_list": {"executed_lines": [75], "summary": {"covered_lines": 1, "num_statements": 1, "percent_covered": 100.0, "percent_covered_display": "100", "missing_lines": 0, "excluded_lines": 0}, "missing_lines": [], "excluded_lines": []}, "MdDataset.pack_variablename_str": {"executed_lines": [78, 79, 80, 81], "summary": {"covered_lines": 4, "num_statements": 4, "percent_covered": 100.0, "percent_covered_display": "100", "missing_lines": 0, "excluded_lines": 0}, "missing_lines": [], "excluded_lines": []}, "MdDataset.unpack_variablename_str": {"executed_lines": [84, 85, 87, 88, 89, 91, 92], "summary": {"covered_lines": 7, "num_statements": 7, "percent_covered": 100.0, "percent_covered_display": "100", "missing_lines": 0, "excluded_lines": 0}, "missing_lines": [], "excluded_lines": []}, "MdDataset.pack_wireframe": {"executed_lines": [95, 96, 98, 99, 100, 102, 103, 105, 106, 107, 108, 109], "summary": {"covered_lines": 12, "num_statements": 12, "percent_covered": 100.0, "percent_covered_display": "100", "missing_lines": 0, "excluded_lines": 0}, "missing_lines": [], "excluded_lines": []}, "MdDataset.unpack_wireframe": {"executed_lines": [112, 113, 115, 117, 118, 121, 122, 123, 125, 126, 127, 128, 129, 130, 131, 132, 133, 135, 136, 137, 138, 140], "summary": {"covered_lines": 22, "num_statements": 22, "percent_covered": 100.0, "percent_covered_display": "100", "missing_lines": 0, "excluded_lines": 0}, "missing_lines": [], "excluded_lines": []}, "MdDataset.pack_polygons": {"executed_lines": [144, 145, 146, 148, 149, 151, 152, 154, 155, 156], "summary": {"covered_lines": 10, "num_statements": 10, "percent_covered": 100.0, "percent_covered_display": "100", "missing_lines": 0, "excluded_lines": 0}, "missing_lines": [], "excluded_lines": []}, "MdDataset.unpack_polygons": {"executed_lines": [159, 160, 162, 163, 164, 166, 167, 168, 170], "summary": {"covered_lines": 9, "num_statements": 9, "percent_covered": 100.0, "percent_covered_display": "100", "missing_lines": 0, "excluded_lines": 0}, "missing_lines": [], "excluded_lines": []}, "MdDataset.get_polygon_list": {"executed_lines": [173], "summary": {"covered_lines": 1, "num_statements": 1, "percent_covered": 100.0, "percent_covered_display": "100", "missing_lines": 0, "excluded_lines": 0}, "missing_lines": [], "excluded_lines": []}, "MdDataset.get_edge_list": {"executed_lines": [176], "summary": {"covered_lines": 1, "num_statements": 1, "percent_covered": 100.0, "percent_covered_display": "100", "missing_lines": 0, "excluded_lines": 0}, "missing_lines": [], "excluded_lines": []}, "MdDataset.pack_baseline": {"executed_lines": [179, 180, 182, 184], "summary": {"covered_lines": 4, "num_statements": 4, "percent_covered": 100.0, "percent_covered_display": "100", "missing_lines": 0, "excluded_lines": 0}, "missing_lines": [], "excluded_lines": []}, "MdDataset.unpack_baseline": {"executed_lines": [187, 188, 190, 191, 192, 194, 195], "summary": {"covered_lines": 7, "num_statements": 7, "percent_covered": 100.0, "percent_covered_display": "100", "missing_lines": 0, "excluded_lines": 0}, "missing_lines": [], "excluded_lines": []}, "MdDataset.get_baseline_points": {"executed_lines": [198], "summary": {"covered_lines": 1, "num_statements": 1, "percent_covered": 100.0, "percent_covered_display": "100", "missing_lines": 0, "excluded_lines": 0}, "missing_lines": [], "excluded_lines": []}, "MdDataset.add_object": {"executed_lines": [201, 202, 203, 204, 205, 206, 207, 208], "summary": {"covered_lines": 8, "num_statements": 8, "percent_covered": 100.0, "percent_covered_display": "100", "missing_lines": 0, "excluded_lines": 0}, "missing_lines": [], "excluded_lines": []}, "MdDataset.add_variablename": {"executed_lines": [211, 212, 213, 214], "summary": {"covered_lines": 4, "num_statements": 4, "percent_covered": 100.0, "percent_covered_display": "100", "missing_lines": 0, "excluded_lines": 0}, "missing_lines": [], "excluded_lines": []}, "MdDataset.refresh": {"executed_lines": [218], "summary": {"covered_lines": 1, "num_statements": 1, "percent_covered": 100.0, "percent_covered_display": "100", "missing_lines": 0, "excluded_lines": 0}, "missing_lines": [], "excluded_lines": []}, "MdObject.copy_object": {"executed_lines": [239, 240, 241, 242, 243, 244, 245, 247], "summary": {"covered_lines": 8, "num_statements": 8, "percent_covered": 100.0, "percent_covered_display": "100", "missing_lines": 0, "excluded_lines": 0}, "missing_lines": [], "excluded_lines": []}, "MdObject.get_name": {"executed_lines": [250, 251, 252], "summary": {"covered_lines": 3, "num_statements": 3, "percent_covered": 100.0, "percent_covered_display": "100", "missing_lines": 0, "excluded_lines": 0}, "missing_lines": [], "excluded_lines": []}, "MdObject.__str__": {"executed_lines": [255], "summary": {"covered_lines": 1, "num_statements": 1, "percent_covered": 100.0, "percent_covered_display": "100", "missing_lines": 0, "excluded_lines": 0}, "missing_lines": [], "excluded_lines": []}, "MdObject.__repr__": {"executed_lines": [258], "summary": {"covered_lines": 1, "num_statements": 1, "percent_covered": 100.0, "percent_covered_display": "100", "missing_lines": 0, "excluded_lines": 0}, "missing_lines": [], "excluded_lines": []}, "MdObject.count_landmarks": {"executed_lines": [269, 270, 272, 274, 277, 280, 281, 283, 284, 286], "summary": {"covered_lines": 10, "num_statements": 10, "percent_covered": 100.0, "percent_covered_display": "100", "missing_lines": 0, "excluded_lines": 0}, "missing_lines": [], "excluded_lines": []}, "MdObject.add_image": {"executed_lines": [], "summary": {"covered_lines": 0, "num_statements": 4, "percent_covered": 0.0, "percent_covered_display": "0", "missing_lines": 4, "excluded_lines": 0}, "missing_lines": [291, 292, 293, 294], "excluded_lines": []}, "MdObject.update_image": {"executed_lines": [], "summary": {"covered_lines": 0, "num_statements": 8, "percent_covered": 0.0, "percent_covered_display": "0", "missing_lines": 8, "excluded_lines": 0}, "missing_lines": [298, 299, 300, 303, 304, 305, 306, 308], "excluded_lines": []}, "MdObject.add_threed_model": {"executed_lines": [], "summary": {"covered_lines": 0, "num_statements": 4, "percent_covered": 0.0, "percent_covered_display": "0", "missing_lines": 4, "excluded_lines": 0}, "missing_lines": [311, 312, 313, 314], "excluded_lines": []}, "MdObject.has_image": {"executed_lines": [317], "summary": {"covered_lines": 1, "num_statements": 1, "percent_covered": 100.0, "percent_covered_display": "100", "missing_lines": 0, "excluded_lines": 0}, "missing_lines": [], "excluded_lines": []}, "MdObject.get_image": {"executed_lines": [320], "summary": {"covered_lines": 1, "num_statements": 1, "percent_covered": 100.0, "percent_covered_display": "100", "missing_lines": 0, "excluded_lines": 0}, "missing_lines": [], "excluded_lines": []}, "MdObject.has_threed_model": {"executed_lines": [323], "summary": {"covered_lines": 1, "num_statements": 1, "percent_covered": 100.0, "percent_covered_display": "100", "missing_lines": 0, "excluded_lines": 0}, "missing_lines": [], "excluded_lines": []}, "MdObject.get_threed_model": {"executed_lines": [326], "summary": {"covered_lines": 1, "num_statements": 1, "percent_covered": 100.0, "percent_covered_display": "100", "missing_lines": 0, "excluded_lines": 0}, "missing_lines": [], "excluded_lines": []}, "MdObject.change_dataset": {"executed_lines": [], "summary": {"covered_lines": 0, "num_statements": 16, "percent_covered": 0.0, "percent_covered_display": "0", "missing_lines": 16, "excluded_lines": 0}, "missing_lines": [329, 330, 331, 332, 334, 335, 337, 338, 339, 340, 342, 343, 344, 346, 347, 348], "excluded_lines": []}, "MdObject.pack_landmark": {"executed_lines": [352, 353, 354, 355, 356, 357, 359, 360, 361], "summary": {"covered_lines": 9, "num_statements": 9, "percent_covered": 100.0, "percent_covered_display": "100", "missing_lines": 0, "excluded_lines": 0}, "missing_lines": [], "excluded_lines": []}, "MdObject.unpack_landmark": {"executed_lines": [364, 366, 367, 368, 369, 370, 373, 374, 375, 376, 377, 379, 380, 381, 382, 386, 388, 390, 391, 392], "summary": {"covered_lines": 20, "num_statements": 21, "percent_covered": 95.23809523809524, "percent_covered_display": "95", "missing_lines": 1, "excluded_lines": 0}, "missing_lines": [383], "excluded_lines": []}, "MdObject.is_float": {"executed_lines": [396, 397, 398, 399, 400, 401, 402], "summary": {"covered_lines": 7, "num_statements": 7, "percent_covered": 100.0, "percent_covered_display": "100", "missing_lines": 0, "excluded_lines": 0}, "missing_lines": [], "excluded_lines": []}, "MdObject.get_landmark_list": {"executed_lines": [405], "summary": {"covered_lines": 1, "num_statements": 1, "percent_covered": 100.0, "percent_covered_display": "100", "missing_lines": 0, "excluded_lines": 0}, "missing_lines": [], "excluded_lines": []}, "MdObject.pack_variable": {"executed_lines": [408, 409, 410], "summary": {"covered_lines": 3, "num_statements": 3, "percent_covered": 100.0, "percent_covered_display": "100", "missing_lines": 0, "excluded_lines": 0}, "missing_lines": [], "excluded_lines": []}, "MdObject.unpack_variable": {"executed_lines": [413, 414, 415, 416, 417], "summary": {"covered_lines": 5, "num_statements": 5, "percent_covered": 100.0, "percent_covered_display": "100", "missing_lines": 0, "excluded_lines": 0}, "missing_lines": [], "excluded_lines": []}, "MdObject.get_variable_list": {"executed_lines": [420], "summary": {"covered_lines": 1, "num_statements": 1, "percent_covered": 100.0, "percent_covered_display": "100", "missing_lines": 0, "excluded_lines": 0}, "missing_lines": [], "excluded_lines": []}, "MdObject.get_centroid_size": {"executed_lines": [426, 427, 429, 430, 431, 432, 433, 434, 436, 438, 439, 440, 441, 442, 443, 444, 445, 447, 448, 449, 450, 451, 452, 453, 454, 455, 456, 457, 459, 460, 462, 468, 469, 473, 479, 480, 481, 482, 488], "summary": {"covered_lines": 39, "num_statements": 51, "percent_covered": 76.47058823529412, "percent_covered_display": "76", "missing_lines": 12, "excluded_lines": 0}, "missing_lines": [428, 470, 471, 472, 474, 475, 476, 477, 483, 484, 485, 486], "excluded_lines": []}, "MdObject.get_centroid_coord": {"executed_lines": [491, 496, 497, 499, 500, 501, 502, 503, 504, 505, 506, 508, 509, 510, 511, 512, 513, 514, 515, 516, 517, 518, 521, 522, 523, 524, 525, 526, 527], "summary": {"covered_lines": 29, "num_statements": 29, "percent_covered": 100.0, "percent_covered_display": "100", "missing_lines": 0, "excluded_lines": 0}, "missing_lines": [], "excluded_lines": []}, "MdObject.refresh": {"executed_lines": [531], "summary": {"covered_lines": 1, "num_statements": 1, "percent_covered": 100.0, "percent_covered_display": "100", "missing_lines": 0, "excluded_lines": 0}, "missing_lines": [], "excluded_lines": []}, "MdImage.copy_image": {"executed_lines": [], "summary": {"covered_lines": 0, "num_statements": 12, "percent_covered": 0.0, "percent_covered_display": "0", "missing_lines": 12, "excluded_lines": 0}, "missing_lines": [548, 549, 550, 551, 552, 553, 554, 555, 556, 557, 558, 559], "excluded_lines": []}, "MdImage.add_file": {"executed_lines": [], "summary": {"covered_lines": 0, "num_statements": 21, "percent_covered": 0.0, "percent_covered_display": "0", "missing_lines": 21, "excluded_lines": 0}, "missing_lines": [563, 564, 565, 568, 569, 570, 571, 572, 573, 574, 577, 578, 579, 580, 581, 582, 584, 585, 586, 587, 589], "excluded_lines": []}, "MdImage.get_file_path": {"executed_lines": [592], "summary": {"covered_lines": 1, "num_statements": 1, "percent_covered": 100.0, "percent_covered_display": "100", "missing_lines": 0, "excluded_lines": 0}, "missing_lines": [], "excluded_lines": []}, "MdImage.load_file_info": {"executed_lines": [], "summary": {"covered_lines": 0, "num_statements": 26, "percent_covered": 0.0, "percent_covered_display": "0", "missing_lines": 26, "excluded_lines": 0}, "missing_lines": [600, 602, 603, 604, 605, 607, 608, 610, 612, 613, 615, 617, 618, 620, 621, 622, 623, 624, 625, 627, 628, 629, 630, 631, 632, 633], "excluded_lines": []}, "MdImage.get_md5hash_info": {"executed_lines": [], "summary": {"covered_lines": 0, "num_statements": 15, "percent_covered": 0.0, "percent_covered_display": "0", "missing_lines": 15, "excluded_lines": 0}, "missing_lines": [636, 637, 638, 639, 640, 641, 642, 643, 644, 645, 646, 647, 648, 649, 650], "excluded_lines": []}, "MdImage.get_exif_info": {"executed_lines": [], "summary": {"covered_lines": 0, "num_statements": 61, "percent_covered": 0.0, "percent_covered_display": "0", "missing_lines": 61, "excluded_lines": 0}, "missing_lines": [653, 654, 656, 657, 659, 661, 662, 663, 664, 665, 666, 667, 668, 670, 671, 673, 674, 675, 676, 677, 679, 680, 681, 683, 684, 685, 686, 687, 688, 689, 690, 692, 693, 696, 697, 698, 700, 701, 702, 704, 705, 706, 707, 708, 709, 711, 712, 713, 714, 715, 716, 719, 720, 723, 724, 725, 726, 727, 729, 730, 731], "excluded_lines": []}, "MdThreeDModel.copy_threed_model": {"executed_lines": [], "summary": {"covered_lines": 0, "num_statements": 11, "percent_covered": 0.0, "percent_covered_display": "0", "missing_lines": 11, "excluded_lines": 0}, "missing_lines": [750, 751, 752, 753, 754, 755, 756, 757, 758, 759, 760], "excluded_lines": []}, "MdThreeDModel.add_file": {"executed_lines": [], "summary": {"covered_lines": 0, "num_statements": 7, "percent_covered": 0.0, "percent_covered_display": "0", "missing_lines": 7, "excluded_lines": 0}, "missing_lines": [763, 764, 765, 766, 767, 768, 769], "excluded_lines": []}, "MdThreeDModel.get_file_path": {"executed_lines": [772], "summary": {"covered_lines": 1, "num_statements": 1, "percent_covered": 100.0, "percent_covered_display": "100", "missing_lines": 0, "excluded_lines": 0}, "missing_lines": [], "excluded_lines": []}, "MdThreeDModel.load_file_info": {"executed_lines": [], "summary": {"covered_lines": 0, "num_statements": 15, "percent_covered": 0.0, "percent_covered_display": "0", "missing_lines": 15, "excluded_lines": 0}, "missing_lines": [777, 779, 780, 781, 782, 783, 784, 786, 787, 789, 790, 791, 792, 793, 794], "excluded_lines": []}, "MdThreeDModel.get_md5hash_info": {"executed_lines": [], "summary": {"covered_lines": 0, "num_statements": 15, "percent_covered": 0.0, "percent_covered_display": "0", "missing_lines": 15, "excluded_lines": 0}, "missing_lines": [797, 798, 799, 800, 801, 802, 803, 804, 805, 806, 807, 808, 809, 810, 811], "excluded_lines": []}, "MdObjectOps.__init__": {"executed_lines": [816, 817, 818, 819, 820, 823, 824, 825, 826, 827, 834, 835, 836, 837, 839, 840, 841, 842, 843, 844, 845, 846, 847, 848, 849, 850], "summary": {"covered_lines": 26, "num_statements": 26, "percent_covered": 100.0, "percent_covered_display": "100", "missing_lines": 0, "excluded_lines": 0}, "missing_lines": [], "excluded_lines": []}, "MdObjectOps.apply_scale": {"executed_lines": [854, 855, 856, 857, 858, 859, 860], "summary": {"covered_lines": 7, "num_statements": 7, "percent_covered": 100.0, "percent_covered_display": "100", "missing_lines": 0, "excluded_lines": 0}, "missing_lines": [], "excluded_lines": []}, "MdObjectOps.get_centroid_coord": {"executed_lines": [863, 868, 869, 871, 872, 873, 874, 875, 876, 877, 878, 880, 881, 882, 883, 884, 885, 886, 887, 888, 889, 890, 893, 894, 895, 896, 897, 898, 899], "summary": {"covered_lines": 29, "num_statements": 29, "percent_covered": 100.0, "percent_covered_display": "100", "missing_lines": 0, "excluded_lines": 0}, "missing_lines": [], "excluded_lines": []}, "MdObjectOps.get_centroid_size": {"executed_lines": [905, 906, 907, 908, 909, 910, 912, 914, 915, 916, 917, 918, 919, 920, 921, 923, 924, 925, 926, 927, 928, 929, 930, 931, 932, 933, 935, 936, 938, 944, 945, 947], "summary": {"covered_lines": 32, "num_statements": 32, "percent_covered": 100.0, "percent_covered_display": "100", "missing_lines": 0, "excluded_lines": 0}, "missing_lines": [], "excluded_lines": []}, "MdObjectOps.move": {"executed_lines": [950, 952, 953, 955, 956, 957, 958, 959, 960, 961, 962], "summary": {"covered_lines": 11, "num_statements": 11, "percent_covered": 100.0, "percent_covered_display": "100", "missing_lines": 0, "excluded_lines": 0}, "missing_lines": [], "excluded_lines": []}, "MdObjectOps.move_to_center": {"executed_lines": [966, 968], "summary": {"covered_lines": 2, "num_statements": 2, "percent_covered": 100.0, "percent_covered_display": "100", "missing_lines": 0, "excluded_lines": 0}, "missing_lines": [], "excluded_lines": []}, "MdObjectOps.rescale": {"executed_lines": [972, 973, 975, 976, 977, 978, 980, 981, 982], "summary": {"covered_lines": 9, "num_statements": 9, "percent_covered": 100.0, "percent_covered_display": "100", "missing_lines": 0, "excluded_lines": 0}, "missing_lines": [], "excluded_lines": []}, "MdObjectOps.rescale_to_unitsize": {"executed_lines": [986, 988], "summary": {"covered_lines": 2, "num_statements": 2, "percent_covered": 100.0, "percent_covered_display": "100", "missing_lines": 0, "excluded_lines": 0}, "missing_lines": [], "excluded_lines": []}, "MdObjectOps.apply_rotation_matrix": {"executed_lines": [992, 993, 994, 996, 998, 999, 1001, 1004, 1007, 1008, 1010, 1013, 1014], "summary": {"covered_lines": 13, "num_statements": 13, "percent_covered": 100.0, "percent_covered_display": "100", "missing_lines": 0, "excluded_lines": 0}, "missing_lines": [], "excluded_lines": []}, "MdObjectOps.rotate_2d": {"executed_lines": [1017, 1018], "summary": {"covered_lines": 2, "num_statements": 2, "percent_covered": 100.0, "percent_covered_display": "100", "missing_lines": 0, "excluded_lines": 0}, "missing_lines": [], "excluded_lines": []}, "MdObjectOps.rotate_3d": {"executed_lines": [1021, 1022, 1023, 1024, 1025, 1026, 1027, 1028, 1029, 1030, 1031, 1032, 1033, 1034, 1035, 1036, 1037, 1038, 1041, 1042, 1043, 1044, 1045, 1046, 1047, 1048], "summary": {"covered_lines": 26, "num_statements": 26, "percent_covered": 100.0, "percent_covered_display": "100", "missing_lines": 0, "excluded_lines": 0}, "missing_lines": [], "excluded_lines": []}, "MdObjectOps.trim_decimal": {"executed_lines": [], "summary": {"covered_lines": 0, "num_statements": 3, "percent_covered": 0.0, "percent_covered_display": "0", "missing_lines": 3, "excluded_lines": 0}, "missing_lines": [1051, 1053, 1054], "excluded_lines": []}, "MdObjectOps.print_landmarks": {"executed_lines": [], "summary": {"covered_lines": 0, "num_statements": 2, "percent_covered": 0.0, "percent_covered_display": "0", "missing_lines": 2, "excluded_lines": 0}, "missing_lines": [1057, 1059], "excluded_lines": []}, "MdObjectOps.align": {"executed_lines": [1067, 1068, 1069, 1070, 1071, 1072, 1073, 1074, 1076, 1081, 1083, 1084, 1086, 1090, 1091, 1093, 1094, 1095, 1097, 1099, 1142, 1145, 1148, 1149, 1153, 1154, 1155, 1156, 1157, 1158, 1159, 1160, 1161, 1162, 1173, 1175, 1179, 1180, 1182, 1184, 1185, 1189, 1190, 1192, 1194, 1197, 1198, 1202, 1203, 1208, 1209, 1210, 1211, 1212, 1213, 1214, 1215, 1216, 1217, 1220], "summary": {"covered_lines": 60, "num_statements": 75, "percent_covered": 80.0, "percent_covered_display": "80", "missing_lines": 15, "excluded_lines": 0}, "missing_lines": [1102, 1103, 1105, 1106, 1113, 1114, 1115, 1118, 1125, 1126, 1127, 1128, 1129, 1137, 1139], "excluded_lines": []}, "MdObjectOps.sliding_baseline_registration": {"executed_lines": [1223, 1224], "summary": {"covered_lines": 2, "num_statements": 2, "percent_covered": 100.0, "percent_covered_display": "100", "missing_lines": 0, "excluded_lines": 0}, "missing_lines": [], "excluded_lines": []}, "MdObjectOps.bookstein_registration": {"executed_lines": [1229, 1230, 1231, 1232, 1233, 1234, 1235, 1236, 1237, 1238, 1239, 1240, 1241, 1245, 1246, 1247, 1248, 1249, 1253, 1254, 1255, 1258, 1261, 1262, 1263, 1264, 1268, 1269, 1270, 1271, 1272, 1275, 1277, 1279, 1283, 1284, 1285, 1287, 1288, 1291, 1293, 1295, 1297, 1298, 1299, 1300, 1301, 1302, 1303, 1304, 1306], "summary": {"covered_lines": 51, "num_statements": 54, "percent_covered": 94.44444444444444, "percent_covered_display": "94", "missing_lines": 3, "excluded_lines": 0}, "missing_lines": [1278, 1294, 1305], "excluded_lines": []}, "MdDatasetOps.__init__": {"executed_lines": [1311, 1312, 1313, 1314, 1315, 1316, 1317, 1318, 1319, 1320, 1321, 1322, 1325, 1327, 1328, 1329, 1330, 1332, 1333, 1334, 1335, 1336, 1338], "summary": {"covered_lines": 23, "num_statements": 23, "percent_covered": 100.0, "percent_covered_display": "100", "missing_lines": 0, "excluded_lines": 0}, "missing_lines": [], "excluded_lines": []}, "MdDatasetOps.reset_pose": {"executed_lines": [1342], "summary": {"covered_lines": 1, "num_statements": 1, "percent_covered": 100.0, "percent_covered_display": "100", "missing_lines": 0, "excluded_lines": 0}, "missing_lines": [], "excluded_lines": []}, "MdDatasetOps.set_reference_shape": {"executed_lines": [1345], "summary": {"covered_lines": 1, "num_statements": 1, "percent_covered": 100.0, "percent_covered_display": "100", "missing_lines": 0, "excluded_lines": 0}, "missing_lines": [], "excluded_lines": []}, "MdDatasetOps.rotate_gls_to_reference_shape": {"executed_lines": [1348, 1349, 1352, 1353, 1356, 1357, 1358, 1359, 1360, 1362, 1364, 1365, 1367, 1368, 1369, 1370, 1371, 1373, 1374, 1375, 1376, 1377, 1379, 1380, 1382, 1383, 1384, 1385, 1386, 1389, 1390, 1391, 1393, 1394, 1395, 1397, 1403, 1404, 1405, 1408, 1409, 1410], "summary": {"covered_lines": 42, "num_statements": 61, "percent_covered": 68.85245901639344, "percent_covered_display": "69", "missing_lines": 19, "excluded_lines": 0}, "missing_lines": [1350, 1413, 1414, 1416, 1417, 1420, 1421, 1422, 1423, 1425, 1426, 1427, 1428, 1430, 1431, 1432, 1433, 1436, 1437], "excluded_lines": []}, "MdDatasetOps.apply_rotation_matrix": {"executed_lines": [1441, 1443], "summary": {"covered_lines": 2, "num_statements": 2, "percent_covered": 100.0, "percent_covered_display": "100", "missing_lines": 0, "excluded_lines": 0}, "missing_lines": [], "excluded_lines": []}, "MdDatasetOps.rotation_matrix": {"executed_lines": [1449, 1450, 1451, 1452, 1454, 1456], "summary": {"covered_lines": 6, "num_statements": 7, "percent_covered": 85.71428571428571, "percent_covered_display": "86", "missing_lines": 1, "excluded_lines": 0}, "missing_lines": [1453], "excluded_lines": []}, "MdDatasetOps.get_average_shape": {"executed_lines": [1459, 1461, 1462, 1464, 1465, 1466, 1467, 1468, 1469, 1471, 1472, 1473, 1475, 1476, 1477, 1478, 1479, 1480, 1481, 1484, 1485, 1486, 1487, 1488, 1489, 1490, 1491, 1492, 1493, 1495, 1496, 1498, 1499, 1500, 1502, 1503, 1504, 1505, 1506, 1507, 1508, 1509], "summary": {"covered_lines": 42, "num_statements": 42, "percent_covered": 100.0, "percent_covered_display": "100", "missing_lines": 0, "excluded_lines": 0}, "missing_lines": [], "excluded_lines": []}, "MdDatasetOps.check_object_list": {"executed_lines": [1512, 1513, 1514, 1515, 1516, 1518, 1519, 1520, 1523, 1524, 1525, 1526], "summary": {"covered_lines": 12, "num_statements": 12, "percent_covered": 100.0, "percent_covered_display": "100", "missing_lines": 0, "excluded_lines": 0}, "missing_lines": [], "excluded_lines": []}, "MdDatasetOps.estimate_missing_landmarks": {"executed_lines": [1539, 1540, 1542, 1545, 1547, 1549, 1550, 1551, 1552, 1553, 1554], "summary": {"covered_lines": 11, "num_statements": 12, "percent_covered": 91.66666666666667, "percent_covered_display": "92", "missing_lines": 1, "excluded_lines": 0}, "missing_lines": [1555], "excluded_lines": []}, "MdDatasetOps.has_missing_landmarks": {"executed_lines": [1559, 1560, 1561, 1562, 1563, 1564, 1565], "summary": {"covered_lines": 7, "num_statements": 7, "percent_covered": 100.0, "percent_covered_display": "100", "missing_lines": 0, "excluded_lines": 0}, "missing_lines": [], "excluded_lines": []}, "MdDatasetOps.procrustes_superimposition_with_imputation": {"executed_lines": [1575, 1579, 1582, 1583, 1584, 1585, 1586, 1587, 1588, 1589, 1592, 1593, 1594, 1596, 1597, 1598, 1599, 1601, 1602, 1603, 1604, 1607, 1608, 1609, 1612, 1613, 1615, 1616, 1617, 1619], "summary": {"covered_lines": 30, "num_statements": 32, "percent_covered": 93.75, "percent_covered_display": "94", "missing_lines": 2, "excluded_lines": 0}, "missing_lines": [1576, 1577], "excluded_lines": []}, "MdDatasetOps.procrustes_superimposition": {"executed_lines": [1624, 1629, 1630, 1633, 1635, 1636, 1640, 1641, 1642, 1643, 1644, 1646, 1647, 1651, 1652, 1653, 1654, 1655, 1660], "summary": {"covered_lines": 19, "num_statements": 21, "percent_covered": 90.47619047619048, "percent_covered_display": "90", "missing_lines": 2, "excluded_lines": 0}, "missing_lines": [1625, 1626], "excluded_lines": []}, "MdDatasetOps.is_same_shape": {"executed_lines": [1663, 1664, 1665, 1666, 1667, 1669, 1675, 1676, 1677, 1678, 1679, 1685, 1688, 1690, 1692, 1693, 1694], "summary": {"covered_lines": 17, "num_statements": 18, "percent_covered": 94.44444444444444, "percent_covered_display": "94", "missing_lines": 1, "excluded_lines": 0}, "missing_lines": [1689], "excluded_lines": []}, "MdDatasetOps.resistant_fit_superimposition": {"executed_lines": [], "summary": {"covered_lines": 0, "num_statements": 18, "percent_covered": 0.0, "percent_covered_display": "0", "missing_lines": 18, "excluded_lines": 0}, "missing_lines": [1697, 1698, 1699, 1701, 1702, 1703, 1704, 1706, 1707, 1708, 1710, 1711, 1712, 1713, 1714, 1715, 1716, 1717], "excluded_lines": []}, "MdDatasetOps.rotate_vector_2d": {"executed_lines": [1720], "summary": {"covered_lines": 1, "num_statements": 1, "percent_covered": 100.0, "percent_covered_display": "100", "missing_lines": 0, "excluded_lines": 0}, "missing_lines": [], "excluded_lines": []}, "MdDatasetOps.rotate_vector_3d": {"executed_lines": [1723, 1724, 1725, 1726, 1727, 1728, 1729, 1730, 1731, 1736, 1737, 1738, 1739, 1740, 1742, 1743, 1744, 1745, 1746, 1747, 1748], "summary": {"covered_lines": 21, "num_statements": 25, "percent_covered": 84.0, "percent_covered_display": "84", "missing_lines": 4, "excluded_lines": 0}, "missing_lines": [1732, 1733, 1734, 1735], "excluded_lines": []}, "MdDatasetOps.rotate_resistant_fit_to_reference_shape": {"executed_lines": [], "summary": {"covered_lines": 0, "num_statements": 63, "percent_covered": 0.0, "percent_covered_display": "0", "missing_lines": 63, "excluded_lines": 0}, "missing_lines": [1751, 1752, 1753, 1755, 1756, 1758, 1765, 1766, 1767, 1768, 1769, 1770, 1771, 1776, 1781, 1782, 1783, 1786, 1787, 1788, 1790, 1796, 1801, 1802, 1803, 1804, 1805, 1806, 1808, 1815, 1834, 1846, 1850, 1851, 1853, 1855, 1856, 1857, 1858, 1859, 1861, 1864, 1865, 1867, 1868, 1870, 1878, 1879, 1880, 1881, 1882, 1884, 1885, 1886, 1887, 1888, 1890, 1898, 1899, 1900, 1901, 1902, 1903], "excluded_lines": []}, "MdDatasetOps.get_vector_rotation_matrix": {"executed_lines": [], "summary": {"covered_lines": 0, "num_statements": 37, "percent_covered": 0.0, "percent_covered_display": "0", "missing_lines": 37, "excluded_lines": 0}, "missing_lines": [1913, 1919, 1920, 1921, 1922, 1923, 1924, 1925, 1926, 1931, 1932, 1933, 1934, 1935, 1936, 1941, 1942, 1943, 1944, 1945, 1950, 1951, 1952, 1953, 1954, 1959, 1960, 1968, 1969, 1970, 1971, 1978, 1979, 1980, 1981, 1988, 1989], "excluded_lines": []}, "MdDatasetOps.get_median_index": {"executed_lines": [], "summary": {"covered_lines": 0, "num_statements": 6, "percent_covered": 0.0, "percent_covered_display": "0", "missing_lines": 6, "excluded_lines": 0}, "missing_lines": [1992, 1993, 1994, 1995, 1996, 1997], "excluded_lines": []}, "prepare_database": {"executed_lines": [], "summary": {"covered_lines": 0, "num_statements": 19, "percent_covered": 0.0, "percent_covered_display": "0", "missing_lines": 19, "excluded_lines": 0}, "missing_lines": [2045, 2047, 2048, 2049, 2050, 2051, 2054, 2055, 2056, 2057, 2059, 2061, 2062, 2063, 2064, 2065, 2067, 2068, 2070], "excluded_lines": []}, "": {"executed_lines": [1, 2, 3, 4, 5, 6, 7, 10, 11, 12, 14, 15, 16, 17, 19, 21, 23, 24, 25, 26, 27, 28, 30, 32, 35, 36, 37, 38, 39, 40, 41, 42, 43, 44, 45, 46, 47, 48, 49, 51, 52, 54, 74, 77, 83, 94, 111, 142, 158, 172, 175, 178, 186, 197, 200, 210, 216, 221, 222, 223, 224, 225, 226, 227, 228, 229, 230, 231, 232, 233, 235, 236, 238, 249, 254, 257, 260, 290, 296, 310, 316, 319, 322, 325, 328, 350, 363, 394, 404, 407, 412, 419, 422, 490, 529, 534, 535, 536, 537, 538, 539, 540, 541, 542, 543, 544, 545, 547, 561, 591, 596, 597, 599, 635, 652, 734, 735, 736, 737, 738, 739, 740, 741, 742, 743, 744, 746, 747, 749, 762, 771, 776, 796, 814, 815, 853, 862, 901, 949, 965, 970, 985, 990, 1016, 1020, 1050, 1056, 1066, 1222, 1226, 1309, 1310, 1341, 1344, 1347, 1439, 1445, 1458, 1511, 1528, 1557, 1567, 1621, 1662, 1696, 1719, 1722, 1750, 1912, 1991, 2000, 2001, 2002, 2003, 2004, 2005, 2006, 2007, 2008, 2009, 2010, 2013, 2014, 2015, 2016, 2018, 2019, 2020, 2021, 2022, 2024, 2025, 2026, 2027, 2028, 2030, 2031, 2032, 2036, 2037, 2039, 2040, 2043], "summary": {"covered_lines": 203, "num_statements": 203, "percent_covered": 100.0, "percent_covered_display": "100", "missing_lines": 0, "excluded_lines": 0}, "missing_lines": [], "excluded_lines": []}}, "classes": {"MdDataset": {"executed_lines": [55, 56, 57, 59, 61, 62, 63, 64, 65, 67, 68, 70, 71, 72, 75, 78, 79, 80, 81, 84, 85, 87, 88, 89, 91, 92, 95, 96, 98, 99, 100, 102, 103, 105, 106, 107, 108, 109, 112, 113, 115, 117, 118, 121, 122, 123, 125, 126, 127, 128, 129, 130, 131, 132, 133, 135, 136, 137, 138, 140, 144, 145, 146, 148, 149, 151, 152, 154, 155, 156, 159, 160, 162, 163, 164, 166, 167, 168, 170, 173, 176, 179, 180, 182, 184, 187, 188, 190, 191, 192, 194, 195, 198, 201, 202, 203, 204, 205, 206, 207, 208, 211, 212, 213, 214, 218], "summary": {"covered_lines": 106, "num_statements": 106, "percent_covered": 100.0, "percent_covered_display": "100", "missing_lines": 0, "excluded_lines": 0}, "missing_lines": [], "excluded_lines": []}, "MdDataset.Meta": {"executed_lines": [], "summary": {"covered_lines": 0, "num_statements": 0, "percent_covered": 100.0, "percent_covered_display": "100", "missing_lines": 0, "excluded_lines": 0}, "missing_lines": [], "excluded_lines": []}, "MdObject": {"executed_lines": [239, 240, 241, 242, 243, 244, 245, 247, 250, 251, 252, 255, 258, 269, 270, 272, 274, 277, 280, 281, 283, 284, 286, 317, 320, 323, 326, 352, 353, 354, 355, 356, 357, 359, 360, 361, 364, 366, 367, 368, 369, 370, 373, 374, 375, 376, 377, 379, 380, 381, 382, 386, 388, 390, 391, 392, 396, 397, 398, 399, 400, 401, 402, 405, 408, 409, 410, 413, 414, 415, 416, 417, 420, 426, 427, 429, 430, 431, 432, 433, 434, 436, 438, 439, 440, 441, 442, 443, 444, 445, 447, 448, 449, 450, 451, 452, 453, 454, 455, 456, 457, 459, 460, 462, 468, 469, 473, 479, 480, 481, 482, 488, 491, 496, 497, 499, 500, 501, 502, 503, 504, 505, 506, 508, 509, 510, 511, 512, 513, 514, 515, 516, 517, 518, 521, 522, 523, 524, 525, 526, 527, 531], "summary": {"covered_lines": 142, "num_statements": 187, "percent_covered": 75.93582887700535, "percent_covered_display": "76", "missing_lines": 45, "excluded_lines": 0}, "missing_lines": [291, 292, 293, 294, 298, 299, 300, 303, 304, 305, 306, 308, 311, 312, 313, 314, 329, 330, 331, 332, 334, 335, 337, 338, 339, 340, 342, 343, 344, 346, 347, 348, 383, 428, 470, 471, 472, 474, 475, 476, 477, 483, 484, 485, 486], "excluded_lines": []}, "MdObject.Meta": {"executed_lines": [], "summary": {"covered_lines": 0, "num_statements": 0, "percent_covered": 100.0, "percent_covered_display": "100", "missing_lines": 0, "excluded_lines": 0}, "missing_lines": [], "excluded_lines": []}, "MdImage": {"executed_lines": [592], "summary": {"covered_lines": 1, "num_statements": 136, "percent_covered": 0.7352941176470589, "percent_covered_display": "1", "missing_lines": 135, "excluded_lines": 0}, "missing_lines": [548, 549, 550, 551, 552, 553, 554, 555, 556, 557, 558, 559, 563, 564, 565, 568, 569, 570, 571, 572, 573, 574, 577, 578, 579, 580, 581, 582, 584, 585, 586, 587, 589, 600, 602, 603, 604, 605, 607, 608, 610, 612, 613, 615, 617, 618, 620, 621, 622, 623, 624, 625, 627, 628, 629, 630, 631, 632, 633, 636, 637, 638, 639, 640, 641, 642, 643, 644, 645, 646, 647, 648, 649, 650, 653, 654, 656, 657, 659, 661, 662, 663, 664, 665, 666, 667, 668, 670, 671, 673, 674, 675, 676, 677, 679, 680, 681, 683, 684, 685, 686, 687, 688, 689, 690, 692, 693, 696, 697, 698, 700, 701, 702, 704, 705, 706, 707, 708, 709, 711, 712, 713, 714, 715, 716, 719, 720, 723, 724, 725, 726, 727, 729, 730, 731], "excluded_lines": []}, "MdImage.Meta": {"executed_lines": [], "summary": {"covered_lines": 0, "num_statements": 0, "percent_covered": 100.0, "percent_covered_display": "100", "missing_lines": 0, "excluded_lines": 0}, "missing_lines": [], "excluded_lines": []}, "MdThreeDModel": {"executed_lines": [772], "summary": {"covered_lines": 1, "num_statements": 49, "percent_covered": 2.0408163265306123, "percent_covered_display": "2", "missing_lines": 48, "excluded_lines": 0}, "missing_lines": [750, 751, 752, 753, 754, 755, 756, 757, 758, 759, 760, 763, 764, 765, 766, 767, 768, 769, 777, 779, 780, 781, 782, 783, 784, 786, 787, 789, 790, 791, 792, 793, 794, 797, 798, 799, 800, 801, 802, 803, 804, 805, 806, 807, 808, 809, 810, 811], "excluded_lines": []}, "MdThreeDModel.Meta": {"executed_lines": [], "summary": {"covered_lines": 0, "num_statements": 0, "percent_covered": 100.0, "percent_covered_display": "100", "missing_lines": 0, "excluded_lines": 0}, "missing_lines": [], "excluded_lines": []}, "MdObjectOps": {"executed_lines": [816, 817, 818, 819, 820, 823, 824, 825, 826, 827, 834, 835, 836, 837, 839, 840, 841, 842, 843, 844, 845, 846, 847, 848, 849, 850, 854, 855, 856, 857, 858, 859, 860, 863, 868, 869, 871, 872, 873, 874, 875, 876, 877, 878, 880, 881, 882, 883, 884, 885, 886, 887, 888, 889, 890, 893, 894, 895, 896, 897, 898, 899, 905, 906, 907, 908, 909, 910, 912, 914, 915, 916, 917, 918, 919, 920, 921, 923, 924, 925, 926, 927, 928, 929, 930, 931, 932, 933, 935, 936, 938, 944, 945, 947, 950, 952, 953, 955, 956, 957, 958, 959, 960, 961, 962, 966, 968, 972, 973, 975, 976, 977, 978, 980, 981, 982, 986, 988, 992, 993, 994, 996, 998, 999, 1001, 1004, 1007, 1008, 1010, 1013, 1014, 1017, 1018, 1021, 1022, 1023, 1024, 1025, 1026, 1027, 1028, 1029, 1030, 1031, 1032, 1033, 1034, 1035, 1036, 1037, 1038, 1041, 1042, 1043, 1044, 1045, 1046, 1047, 1048, 1067, 1068, 1069, 1070, 1071, 1072, 1073, 1074, 1076, 1081, 1083, 1084, 1086, 1090, 1091, 1093, 1094, 1095, 1097, 1099, 1142, 1145, 1148, 1149, 1153, 1154, 1155, 1156, 1157, 1158, 1159, 1160, 1161, 1162, 1173, 1175, 1179, 1180, 1182, 1184, 1185, 1189, 1190, 1192, 1194, 1197, 1198, 1202, 1203, 1208, 1209, 1210, 1211, 1212, 1213, 1214, 1215, 1216, 1217, 1220, 1223, 1224, 1229, 1230, 1231, 1232, 1233, 1234, 1235, 1236, 1237, 1238, 1239, 1240, 1241, 1245, 1246, 1247, 1248, 1249, 1253, 1254, 1255, 1258, 1261, 1262, 1263, 1264, 1268, 1269, 1270, 1271, 1272, 1275, 1277, 1279, 1283, 1284, 1285, 1287, 1288, 1291, 1293, 1295, 1297, 1298, 1299, 1300, 1301, 1302, 1303, 1304, 1306], "summary": {"covered_lines": 272, "num_statements": 295, "percent_covered": 92.20338983050847, "percent_covered_display": "92", "missing_lines": 23, "excluded_lines": 0}, "missing_lines": [1051, 1053, 1054, 1057, 1059, 1102, 1103, 1105, 1106, 1113, 1114, 1115, 1118, 1125, 1126, 1127, 1128, 1129, 1137, 1139, 1278, 1294, 1305], "excluded_lines": []}, "MdDatasetOps": {"executed_lines": [1311, 1312, 1313, 1314, 1315, 1316, 1317, 1318, 1319, 1320, 1321, 1322, 1325, 1327, 1328, 1329, 1330, 1332, 1333, 1334, 1335, 1336, 1338, 1342, 1345, 1348, 1349, 1352, 1353, 1356, 1357, 1358, 1359, 1360, 1362, 1364, 1365, 1367, 1368, 1369, 1370, 1371, 1373, 1374, 1375, 1376, 1377, 1379, 1380, 1382, 1383, 1384, 1385, 1386, 1389, 1390, 1391, 1393, 1394, 1395, 1397, 1403, 1404, 1405, 1408, 1409, 1410, 1441, 1443, 1449, 1450, 1451, 1452, 1454, 1456, 1459, 1461, 1462, 1464, 1465, 1466, 1467, 1468, 1469, 1471, 1472, 1473, 1475, 1476, 1477, 1478, 1479, 1480, 1481, 1484, 1485, 1486, 1487, 1488, 1489, 1490, 1491, 1492, 1493, 1495, 1496, 1498, 1499, 1500, 1502, 1503, 1504, 1505, 1506, 1507, 1508, 1509, 1512, 1513, 1514, 1515, 1516, 1518, 1519, 1520, 1523, 1524, 1525, 1526, 1539, 1540, 1542, 1545, 1547, 1549, 1550, 1551, 1552, 1553, 1554, 1559, 1560, 1561, 1562, 1563, 1564, 1565, 1575, 1579, 1582, 1583, 1584, 1585, 1586, 1587, 1588, 1589, 1592, 1593, 1594, 1596, 1597, 1598, 1599, 1601, 1602, 1603, 1604, 1607, 1608, 1609, 1612, 1613, 1615, 1616, 1617, 1619, 1624, 1629, 1630, 1633, 1635, 1636, 1640, 1641, 1642, 1643, 1644, 1646, 1647, 1651, 1652, 1653, 1654, 1655, 1660, 1663, 1664, 1665, 1666, 1667, 1669, 1675, 1676, 1677, 1678, 1679, 1685, 1688, 1690, 1692, 1693, 1694, 1720, 1723, 1724, 1725, 1726, 1727, 1728, 1729, 1730, 1731, 1736, 1737, 1738, 1739, 1740, 1742, 1743, 1744, 1745, 1746, 1747, 1748], "summary": {"covered_lines": 235, "num_statements": 389, "percent_covered": 60.411311053984576, "percent_covered_display": "60", "missing_lines": 154, "excluded_lines": 0}, "missing_lines": [1350, 1413, 1414, 1416, 1417, 1420, 1421, 1422, 1423, 1425, 1426, 1427, 1428, 1430, 1431, 1432, 1433, 1436, 1437, 1453, 1555, 1576, 1577, 1625, 1626, 1689, 1697, 1698, 1699, 1701, 1702, 1703, 1704, 1706, 1707, 1708, 1710, 1711, 1712, 1713, 1714, 1715, 1716, 1717, 1732, 1733, 1734, 1735, 1751, 1752, 1753, 1755, 1756, 1758, 1765, 1766, 1767, 1768, 1769, 1770, 1771, 1776, 1781, 1782, 1783, 1786, 1787, 1788, 1790, 1796, 1801, 1802, 1803, 1804, 1805, 1806, 1808, 1815, 1834, 1846, 1850, 1851, 1853, 1855, 1856, 1857, 1858, 1859, 1861, 1864, 1865, 1867, 1868, 1870, 1878, 1879, 1880, 1881, 1882, 1884, 1885, 1886, 1887, 1888, 1890, 1898, 1899, 1900, 1901, 1902, 1903, 1913, 1919, 1920, 1921, 1922, 1923, 1924, 1925, 1926, 1931, 1932, 1933, 1934, 1935, 1936, 1941, 1942, 1943, 1944, 1945, 1950, 1951, 1952, 1953, 1954, 1959, 1960, 1968, 1969, 1970, 1971, 1978, 1979, 1980, 1981, 1988, 1989, 1992, 1993, 1994, 1995, 1996, 1997], "excluded_lines": []}, "MdAnalysis": {"executed_lines": [], "summary": {"covered_lines": 0, "num_statements": 0, "percent_covered": 100.0, "percent_covered_display": "100", "missing_lines": 0, "excluded_lines": 0}, "missing_lines": [], "excluded_lines": []}, "MdAnalysis.Meta": {"executed_lines": [], "summary": {"covered_lines": 0, "num_statements": 0, "percent_covered": 100.0, "percent_covered_display": "100", "missing_lines": 0, "excluded_lines": 0}, "missing_lines": [], "excluded_lines": []}, "": {"executed_lines": [1, 2, 3, 4, 5, 6, 7, 10, 11, 12, 14, 15, 16, 17, 19, 21, 23, 24, 25, 26, 27, 28, 30, 32, 35, 36, 37, 38, 39, 40, 41, 42, 43, 44, 45, 46, 47, 48, 49, 51, 52, 54, 74, 77, 83, 94, 111, 142, 158, 172, 175, 178, 186, 197, 200, 210, 216, 221, 222, 223, 224, 225, 226, 227, 228, 229, 230, 231, 232, 233, 235, 236, 238, 249, 254, 257, 260, 290, 296, 310, 316, 319, 322, 325, 328, 350, 363, 394, 404, 407, 412, 419, 422, 490, 529, 534, 535, 536, 537, 538, 539, 540, 541, 542, 543, 544, 545, 547, 561, 591, 596, 597, 599, 635, 652, 734, 735, 736, 737, 738, 739, 740, 741, 742, 743, 744, 746, 747, 749, 762, 771, 776, 796, 814, 815, 853, 862, 901, 949, 965, 970, 985, 990, 1016, 1020, 1050, 1056, 1066, 1222, 1226, 1309, 1310, 1341, 1344, 1347, 1439, 1445, 1458, 1511, 1528, 1557, 1567, 1621, 1662, 1696, 1719, 1722, 1750, 1912, 1991, 2000, 2001, 2002, 2003, 2004, 2005, 2006, 2007, 2008, 2009, 2010, 2013, 2014, 2015, 2016, 2018, 2019, 2020, 2021, 2022, 2024, 2025, 2026, 2027, 2028, 2030, 2031, 2032, 2036, 2037, 2039, 2040, 2043], "summary": {"covered_lines": 203, "num_statements": 222, "percent_covered": 91.44144144144144, "percent_covered_display": "91", "missing_lines": 19, "excluded_lines": 0}, "missing_lines": [2045, 2047, 2048, 2049, 2050, 2051, 2054, 2055, 2056, 2057, 2059, 2061, 2062, 2063, 2064, 2065, 2067, 2068, 2070], "excluded_lines": []}}}}, "totals": {"covered_lines": 960, "num_statements": 1384, "percent_covered": 69.36416184971098, "percent_covered_display": "69", "missing_lines": 424, "excluded_lines": 0}}
